<?xml version="1.0" encoding="UTF-8"?>
<!-- Generated by org.testng.reporters.JUnitReportReporter -->
<testsuite hostname="DESKTOP-7GCNJAG" failures="0" tests="1" name="com.Demoguru.TestCases.TC_003_AddCustomerTest" time="17.539" errors="0" timestamp="2021-06-06T11:00:10 IST" skipped="0">
  <testcase classname="com.Demoguru.TestCases.TC_003_AddCustomerTest" name="addNewCustomer" time="17.539"/>
  <system-out/>
</testsuite> <!-- com.Demoguru.TestCases.TC_003_AddCustomerTest -->
