<?xml version="1.0" encoding="UTF-8"?>
<!-- Generated by org.testng.reporters.JUnitReportReporter -->
<testsuite hostname="DESKTOP-7GCNJAG" failures="0" tests="1" name="com.Demoguru.TestCases.TC_001_Login" time="9.176" errors="0" timestamp="2021-06-05T19:19:41 IST" skipped="0">
  <testcase classname="com.Demoguru.TestCases.TC_001_Login" name="LoginTest" time="9.176"/>
  <system-out/>
</testsuite> <!-- com.Demoguru.TestCases.TC_001_Login -->
